<?xml version="1.0" encoding="UTF-8"?>
<testng-results ignored="0" total="1" passed="1" failed="0" skipped="0">
  <reporter-output>
  </reporter-output>
  <suite started-at="2024-02-26T18:21:44 IST" name="Surefire suite" finished-at="2024-02-26T18:28:40 IST" duration-ms="416387">
    <groups>
    </groups>
    <test started-at="2024-02-26T18:21:44 IST" name="Surefire test" finished-at="2024-02-26T18:28:40 IST" duration-ms="416387">
      <class name="qedge.AppTest">
        <test-method signature="shouldAnswerWithTrue()" started-at="2024-02-26T18:21:44 IST" name="shouldAnswerWithTrue" finished-at="2024-02-26T18:21:44 IST" duration-ms="49" status="PASS">
          <reporter-output>
          </reporter-output>
        </test-method> <!-- shouldAnswerWithTrue -->
      </class> <!-- qedge.AppTest -->
    </test> <!-- Surefire test -->
  </suite> <!-- Surefire suite -->
</testng-results>
